<?xml version="1.0" encoding="UTF-8"?>
<!-- Generated by org.testng.reporters.JUnitXMLReporter -->
<testsuite hostname="DESKTOP-U3TR6TQ" ignored="2" name="Test" tests="2" failures="0" timestamp="16 Mar 2023 04:49:53 GMT" time="55.453" errors="0">
  <testcase name="testCase1" time="18.316" classname="testCases.Test1"/>
  <testcase name="testCase2" time="37.075" classname="testCases.Test2"/>
  <testcase name="@BeforeSuite openBrowser" time="0.0" classname="testBase.TestBase">
    <ignored/>
  </testcase> <!-- @BeforeSuite openBrowser -->
  <testcase name="@AfterSuite closeBrowser" time="0.0" classname="testBase.TestBase">
    <ignored/>
  </testcase> <!-- @AfterSuite closeBrowser -->
</testsuite> <!-- Test -->
