<?xml version="1.0" encoding="UTF-8"?>
<testng-results skipped="0" failed="0" ignored="2" total="4" passed="2">
  <reporter-output>
  </reporter-output>
  <suite name="Suite" duration-ms="55453" started-at="2023-03-16T04:48:57Z" finished-at="2023-03-16T04:49:53Z">
    <groups>
    </groups>
    <test name="Test" duration-ms="55453" started-at="2023-03-16T04:48:57Z" finished-at="2023-03-16T04:49:53Z">
      <class name="testCases.Test2">
        <test-method status="PASS" signature="testCase2()[pri:0, instance:testCases.Test2@10bdf5e5]" name="testCase2" duration-ms="37075" started-at="2023-03-16T04:49:16Z" finished-at="2023-03-16T04:49:53Z">
          <reporter-output>
          </reporter-output>
        </test-method> <!-- testCase2 -->
      </class> <!-- testCases.Test2 -->
      <class name="testCases.Test1">
        <test-method status="PASS" signature="openBrowser()[pri:0, instance:testCases.Test1@dc24521]" name="openBrowser" is-config="true" duration-ms="13358" started-at="2023-03-16T04:48:44Z" finished-at="2023-03-16T04:48:57Z">
          <reporter-output>
          </reporter-output>
        </test-method> <!-- openBrowser -->
        <test-method status="PASS" signature="testCase1()[pri:0, instance:testCases.Test1@dc24521]" name="testCase1" duration-ms="18316" started-at="2023-03-16T04:48:57Z" finished-at="2023-03-16T04:49:16Z">
          <reporter-output>
          </reporter-output>
        </test-method> <!-- testCase1 -->
        <test-method status="PASS" signature="closeBrowser()[pri:0, instance:testCases.Test1@dc24521]" name="closeBrowser" is-config="true" duration-ms="805" started-at="2023-03-16T04:49:53Z" finished-at="2023-03-16T04:49:54Z">
          <reporter-output>
          </reporter-output>
        </test-method> <!-- closeBrowser -->
      </class> <!-- testCases.Test1 -->
    </test> <!-- Test -->
  </suite> <!-- Suite -->
</testng-results>
